. global covars i.region pop medinc white hs pov c.pop#c.pop c.medinc#c.medinc

. xthdidregress aipw (lemp $covars) (treat $covars), group(state)
note: variable _did_cohort, containing cohort indicators formed by treatment
      variable treat and group variable state, was added to the dataset.

Computing ATET for each cohort and time:
Cohort 2004 (6): ...... done
Cohort 2006 (6): ...... done
Cohort 2007 (6): ...... done

Treatment and time information

Time variable: year
Time interval: 2001 to 2007
Control:       _did_cohort = 0
Treatment:     _did_cohort > 0
-------------------------------
                  | _did_cohort
------------------+------------
Number of cohorts |           4
------------------+------------
Number of obs     |
    Never treated |        9639
             2004 |         700
             2006 |        1561
             2007 |        4088
-------------------------------

Heterogeneous-treatment-effects regression           Number of obs    = 15,988
                                                     Number of panels =     29
Estimator:       Augmented IPW
Panel variable:  countyreal
Treatment level: state
Control group:   Never treated

                                 (Std. err. adjusted for 29 clusters in state)
------------------------------------------------------------------------------
             |               Robust
Cohort       |       ATET   std. err.      z    P>|z|     [95% conf. interval]
-------------+----------------------------------------------------------------
2004         |
        year |
       2002  |   .0672458   .0061125    11.00   0.000     .0552655     .079226
       2003  |   .0266718   .0122508     2.18   0.029     .0026608    .0506829
       2004  |  -.0979371    .002649   -36.97   0.000     -.103129   -.0927451
       2005  |  -.1139248   .0070092   -16.25   0.000    -.1276627   -.1001869
       2006  |  -.1719979   .0082852   -20.76   0.000    -.1882366   -.1557592
       2007  |  -.2078132   .0056814   -36.58   0.000    -.2189485    -.196678
-------------+----------------------------------------------------------------
2006         |
        year |
       2002  |  -.0186685   .0105915    -1.76   0.078    -.0394274    .0020904
       2003  |    .056737   .0181748     3.12   0.002     .0211151    .0923589
       2004  |   .0212315   .0363779     0.58   0.559    -.0500679     .092531
       2005  |   .0319911   .0158191     2.02   0.043     .0009863    .0629959
       2006  |   -.009851   .0117487    -0.84   0.402    -.0328781     .013176
       2007  |  -.0510452   .0092241    -5.53   0.000     -.069124   -.0329664
-------------+----------------------------------------------------------------
2007         |
        year |
       2002  |  -.0215125    .014779    -1.46   0.145    -.0504788    .0074538
       2003  |   .0167167   .0132905     1.26   0.208    -.0093322    .0427655
       2004  |   .0149363   .0133763     1.12   0.264    -.0112809    .0411534
       2005  |   .0038453   .0092391     0.42   0.677     -.014263    .0219537
       2006  |  -.0390546   .0114977    -3.40   0.001    -.0615896   -.0165196
       2007  |  -.0292338   .0136042    -2.15   0.032    -.0558976     -.00257
------------------------------------------------------------------------------
Note: ATET computed using covariates.
